=> Booting Puma
=> Rails 7.1.3.2 application starting in development 
=> Run `bin/rails server --help` for more startup options
Puma starting in single mode...
* Puma version: 6.4.2 (ruby 3.3.0-p0) ("The Eagle of Durango")
*  Min threads: 5
*  Max threads: 5
*  Environment: development
*          PID: 430157
* Listening on http://0.0.0.0:3001
Use Ctrl-C to stop
- Gracefully stopping, waiting for requests to finish
=== puma shutdown: 2024-04-02 20:01:54 +0000 ===
- Goodbye!
Exiting
=> Booting Puma
=> Rails 7.1.3.2 application starting in development 
=> Run `bin/rails server --help` for more startup options
Puma starting in single mode...
* Puma version: 6.4.2 (ruby 3.3.0-p0) ("The Eagle of Durango")
*  Min threads: 5
*  Max threads: 5
*  Environment: development
*          PID: 430186
* Listening on http://0.0.0.0:3001
Use Ctrl-C to stop
Started GET "/articles" for 138.28.156.225 at 2024-04-02 20:02:23 +0000
Cannot render console from 138.28.156.225! Allowed networks: 127.0.0.0/127.255.255.255, ::1
  [1m[36mActiveRecord::SchemaMigration Load (0.2ms)[0m  [1m[34mSELECT `schema_migrations`.`version` FROM `schema_migrations` ORDER BY `schema_migrations`.`version` ASC[0m
Processing by ArticlesController#index as HTML
  Rendering layout layouts/application.html.erb
  Rendering articles/index.html.erb within layouts/application
  [1m[36mArticle Load (0.2ms)[0m  [1m[34mSELECT `articles`.* FROM `articles`[0m
  ↳ app/views/articles/index.html.erb:4
  Rendered articles/index.html.erb within layouts/application (Duration: 16.9ms | Allocations: 10016)
  Rendered layout layouts/application.html.erb (Duration: 75.6ms | Allocations: 43431)
Completed 200 OK in 94ms (Views: 77.6ms | ActiveRecord: 1.3ms | Allocations: 53407)


- Gracefully stopping, waiting for requests to finish
=== puma shutdown: 2024-04-02 22:13:56 +0000 ===
- Goodbye!
Exiting
